2014-09-22 23:16:04,008 INFO [geoserver.global] - Falling back to embedded data directory: /var/lib/tomcat7/webapps/geoserver/data
2014-09-22 23:16:04,301 INFO [geoserver.global] - Falling back to embedded data directory: /var/lib/tomcat7/webapps/geoserver/data
2014-09-22 23:16:04,301 INFO [geoserver.global] - 
----------------------------------
- GEOSERVER_DATA_DIR: /var/lib/tomcat7/webapps/geoserver/data
----------------------------------
2014-09-22 23:16:04,501 INFO [org.geoserver] - Loaded style 'polygon'
2014-09-22 23:16:04,502 INFO [org.geoserver] - Loaded style 'raster'
2014-09-22 23:16:04,503 INFO [org.geoserver] - Loaded style 'simple_streams'
2014-09-22 23:16:04,504 INFO [org.geoserver] - Loaded style 'pophatch'
2014-09-22 23:16:04,504 INFO [org.geoserver] - Loaded style 'line'
2014-09-22 23:16:04,505 INFO [org.geoserver] - Loaded style 'dem'
2014-09-22 23:16:04,506 INFO [org.geoserver] - Loaded style 'giant_polygon'
2014-09-22 23:16:04,506 INFO [org.geoserver] - Loaded style 'simple_roads'
2014-09-22 23:16:04,507 INFO [org.geoserver] - Loaded style 'point'
2014-09-22 23:16:04,507 INFO [org.geoserver] - Loaded style 'cite_lakes'
2014-09-22 23:16:04,508 INFO [org.geoserver] - Loaded style 'rain'
2014-09-22 23:16:04,509 INFO [org.geoserver] - Loaded style 'burg'
2014-09-22 23:16:04,509 INFO [org.geoserver] - Loaded style 'population'
2014-09-22 23:16:04,510 INFO [org.geoserver] - Loaded style 'poi'
2014-09-22 23:16:04,511 INFO [org.geoserver] - Loaded style 'tiger_roads'
2014-09-22 23:16:04,523 INFO [org.geoserver] - Loaded style 'green'
2014-09-22 23:16:04,523 INFO [org.geoserver] - Loaded style 'capitals'
2014-09-22 23:16:04,524 INFO [org.geoserver] - Loaded style 'restricted'
2014-09-22 23:16:04,525 INFO [org.geoserver] - Loaded style 'poly_landmarks'
2014-09-22 23:16:04,525 INFO [org.geoserver] - Loaded style 'grass'
2014-09-22 23:16:04,525 WARN [org.geoserver] - No default workspace was found.
2014-09-22 23:16:04,530 INFO [org.geoserver] - Loaded workspace 'topp'
2014-09-22 23:16:04,553 INFO [org.geoserver] - Loaded workspace 'it.geosolutions'
2014-09-22 23:16:04,554 INFO [org.geoserver] - Loaded workspace 'sf'
2014-09-22 23:16:04,555 INFO [org.geoserver] - Loaded workspace 'tiger'
2014-09-22 23:16:04,556 INFO [org.geoserver] - Loaded workspace 'nurc'
2014-09-22 23:16:04,558 INFO [org.geoserver] - Loaded workspace 'sde'
2014-09-22 23:16:04,559 INFO [org.geoserver] - Loaded workspace 'cite'
2014-09-22 23:16:04,816 INFO [org.geoserver] - Loaded store 'states_shapefile', enabled
2014-09-22 23:16:04,822 INFO [org.geoserver] - Loaded data store 'states_shapefile'
2014-09-22 23:16:06,521 INFO [org.geoserver] - Loaded feature type 'states', enabled
2014-09-22 23:16:06,533 INFO [org.geoserver] - Loaded feature type 'states_shapefile'
2014-09-22 23:16:06,575 INFO [org.geoserver] - Loaded layer 'states'
2014-09-22 23:16:06,585 INFO [org.geoserver] - Loaded store 'taz_shapes', enabled
2014-09-22 23:16:06,586 INFO [org.geoserver] - Loaded data store 'taz_shapes'
2014-09-22 23:16:06,607 INFO [org.geoserver] - Loaded feature type 'tasmania_state_boundaries', enabled
2014-09-22 23:16:06,608 INFO [org.geoserver] - Loaded feature type 'taz_shapes'
2014-09-22 23:16:06,612 INFO [org.geoserver] - Loaded layer 'tasmania_state_boundaries'
2014-09-22 23:16:06,617 INFO [org.geoserver] - Loaded feature type 'tasmania_roads', enabled
2014-09-22 23:16:06,617 INFO [org.geoserver] - Loaded feature type 'taz_shapes'
2014-09-22 23:16:06,620 INFO [org.geoserver] - Loaded layer 'tasmania_roads'
2014-09-22 23:16:06,627 INFO [org.geoserver] - Loaded feature type 'tasmania_cities', enabled
2014-09-22 23:16:06,627 INFO [org.geoserver] - Loaded feature type 'taz_shapes'
2014-09-22 23:16:06,633 INFO [org.geoserver] - Loaded layer 'tasmania_cities'
2014-09-22 23:16:06,640 INFO [org.geoserver] - Loaded feature type 'tasmania_water_bodies', enabled
2014-09-22 23:16:06,641 INFO [org.geoserver] - Loaded feature type 'taz_shapes'
2014-09-22 23:16:06,646 INFO [org.geoserver] - Loaded layer 'tasmania_water_bodies'
2014-09-22 23:16:06,656 INFO [org.geoserver] - Loaded store 'sf', enabled
2014-09-22 23:16:06,656 INFO [org.geoserver] - Loaded data store 'sf'
2014-09-22 23:16:06,961 INFO [org.geoserver] - Loaded feature type 'restricted', enabled
2014-09-22 23:16:06,962 INFO [org.geoserver] - Loaded feature type 'sf'
2014-09-22 23:16:06,964 INFO [org.geoserver] - Loaded layer 'restricted'
2014-09-22 23:16:06,968 INFO [org.geoserver] - Loaded feature type 'streams', enabled
2014-09-22 23:16:06,969 INFO [org.geoserver] - Loaded feature type 'sf'
2014-09-22 23:16:06,972 INFO [org.geoserver] - Loaded layer 'streams'
2014-09-22 23:16:06,978 INFO [org.geoserver] - Loaded feature type 'bugsites', enabled
2014-09-22 23:16:06,979 INFO [org.geoserver] - Loaded feature type 'sf'
2014-09-22 23:16:06,983 INFO [org.geoserver] - Loaded layer 'bugsites'
2014-09-22 23:16:06,989 INFO [org.geoserver] - Loaded feature type 'archsites', enabled
2014-09-22 23:16:06,990 INFO [org.geoserver] - Loaded feature type 'sf'
2014-09-22 23:16:06,993 INFO [org.geoserver] - Loaded layer 'archsites'
2014-09-22 23:16:06,998 INFO [org.geoserver] - Loaded feature type 'roads', enabled
2014-09-22 23:16:06,999 INFO [org.geoserver] - Loaded feature type 'sf'
2014-09-22 23:16:07,001 INFO [org.geoserver] - Loaded layer 'roads'
2014-09-22 23:16:07,007 INFO [org.geoserver] - Loaded store 'sfdem', enabled
2014-09-22 23:16:07,012 INFO [org.geoserver] - Loaded coverage store 'sfdem'
2014-09-22 23:16:07,062 INFO [org.geoserver] - Loaded coverage 'sfdem', enabled
2014-09-22 23:16:07,073 INFO [org.geoserver] - Loaded coverage 'sfdem'
2014-09-22 23:16:07,267 INFO [org.geoserver] - Loaded layer 'sfdem'
2014-09-22 23:16:07,276 INFO [org.geoserver] - Loaded store 'nyc', enabled
2014-09-22 23:16:07,276 INFO [org.geoserver] - Loaded data store 'nyc'
2014-09-22 23:16:07,283 INFO [org.geoserver] - Loaded feature type 'tiger_roads', enabled
2014-09-22 23:16:07,284 INFO [org.geoserver] - Loaded feature type 'nyc'
2014-09-22 23:16:07,286 INFO [org.geoserver] - Loaded layer 'tiger_roads'
2014-09-22 23:16:07,288 INFO [org.geoserver] - Loaded feature type 'giant_polygon', enabled
2014-09-22 23:16:07,288 INFO [org.geoserver] - Loaded feature type 'nyc'
2014-09-22 23:16:07,290 INFO [org.geoserver] - Loaded layer 'giant_polygon'
2014-09-22 23:16:07,294 INFO [org.geoserver] - Loaded feature type 'poi', enabled
2014-09-22 23:16:07,295 INFO [org.geoserver] - Loaded feature type 'nyc'
2014-09-22 23:16:07,298 INFO [org.geoserver] - Loaded layer 'poi'
2014-09-22 23:16:07,302 INFO [org.geoserver] - Loaded feature type 'poly_landmarks', enabled
2014-09-22 23:16:07,303 INFO [org.geoserver] - Loaded feature type 'nyc'
2014-09-22 23:16:07,305 INFO [org.geoserver] - Loaded layer 'poly_landmarks'
2014-09-22 23:16:07,311 INFO [org.geoserver] - Loaded store 'worldImageSample', enabled
2014-09-22 23:16:07,311 INFO [org.geoserver] - Loaded coverage store 'worldImageSample'
2014-09-22 23:16:07,318 INFO [org.geoserver] - Loaded coverage 'Img_Sample', enabled
2014-09-22 23:16:07,320 INFO [org.geoserver] - Loaded coverage 'worldImageSample'
2014-09-22 23:16:07,357 INFO [org.geoserver] - Loaded layer 'Img_Sample'
2014-09-22 23:16:07,363 INFO [org.geoserver] - Loaded store 'img_sample2', disabled
2014-09-22 23:16:07,363 INFO [org.geoserver] - Loaded coverage store 'img_sample2'
2014-09-22 23:16:07,375 INFO [org.geoserver] - Loaded coverage 'Pk50095', disabled
2014-09-22 23:16:07,376 INFO [org.geoserver] - Loaded coverage 'img_sample2'
2014-09-22 23:16:07,377 INFO [org.geoserver] - Loaded layer 'Pk50095'
2014-09-22 23:16:07,393 INFO [org.geoserver] - Loaded store 'mosaic', enabled
2014-09-22 23:16:07,394 INFO [org.geoserver] - Loaded coverage store 'mosaic'
2014-09-22 23:16:07,399 INFO [org.geoserver] - Loaded coverage 'mosaic', enabled
2014-09-22 23:16:07,400 INFO [org.geoserver] - Loaded coverage 'mosaic'
2014-09-22 23:16:07,821 WARN [imagemosaic.Utils] - Unable to find sample image for path /var/lib/tomcat7/webapps/geoserver/data/coverages/mosaic_sample/sample_image
2014-09-22 23:16:07,821 WARN [gce.imagemosaic] - Unable to find sample image for path file:/var/lib/tomcat7/webapps/geoserver/data/coverages/mosaic_sample/mosaic.shp
2014-09-22 23:16:07,838 INFO [org.geoserver] - Loaded layer 'mosaic'
2014-09-22 23:16:07,842 INFO [org.geoserver] - Loaded store 'arcGridSample', enabled
2014-09-22 23:16:07,842 INFO [org.geoserver] - Loaded coverage store 'arcGridSample'
2014-09-22 23:16:07,845 INFO [org.geoserver] - Loaded coverage 'Arc_Sample', enabled
2014-09-22 23:16:07,845 INFO [org.geoserver] - Loaded coverage 'arcGridSample'
2014-09-22 23:16:07,853 INFO [org.geoserver] - Loaded layer 'Arc_Sample'
2014-09-22 23:16:07,859 INFO [org.geoserver] - Loaded layer group 'tasmania'
2014-09-22 23:16:07,860 INFO [org.geoserver] - Loaded layer group 'tiger-ny'
2014-09-22 23:16:07,862 INFO [org.geoserver] - Loaded layer group 'spearfish'
2014-09-22 23:16:07,925 INFO [storage.DefaultStorageFinder] - ***************************************************************************************
2014-09-22 23:16:07,925 INFO [storage.DefaultStorageFinder] - *** Reverting to java.io.tmpdir null for storage. Please set GEOWEBCACHE_CACHE_DIR. ***
2014-09-22 23:16:07,925 INFO [storage.DefaultStorageFinder] - ***************************************************************************************
2014-09-22 23:16:07,926 INFO [config.XMLConfiguration] - Will look for geowebcache.xml in '/tmp/tomcat7-tomcat7-tmp/geowebcache'
2014-09-22 23:16:08,047 INFO [gwc.layer] - Initializing GWC configuration based on GeoServer's Catalog
2014-09-22 23:16:08,048 INFO [gwc.layer] - GeoServer TileLayer store base directory is: /var/lib/tomcat7/webapps/geoserver/data/gwc-layers
2014-09-22 23:16:08,048 INFO [gwc.layer] - Loading tile layers from /var/lib/tomcat7/webapps/geoserver/data/gwc-layers
2014-09-22 23:16:08,060 INFO [gwc.layer] - GWC configuration based on GeoServer's Catalog loaded successfuly
2014-09-22 23:16:08,060 INFO [layer.TileLayerDispatcher] - Configuration GeoServer Catalog Configuration contained no layers.
2014-09-22 23:16:08,060 WARN [config.XMLConfiguration] - Found no configuration file in config directory, will create one at '/tmp/tomcat7-tomcat7-tmp/geowebcache/geowebcache.xml' from template jar:file:/var/lib/tomcat7/webapps/geoserver/WEB-INF/lib/gwc-core-1.5.3.jar!/geowebcache_empty.xml
2014-09-22 23:16:08,112 WARN [config.XMLConfiguration] - ********************************************************************************
2014-09-22 23:16:08,112 WARN [config.XMLConfiguration] - *** GWC configuration validation error: cvc-elt.1: Cannot find the declaration of element 'gwcConfiguration'.
2014-09-22 23:16:08,112 WARN [config.XMLConfiguration] - *** Will try to use configuration anyway. Please check the order of declared elements against the schema.
2014-09-22 23:16:08,112 WARN [config.XMLConfiguration] - ********************************************************************************
2014-09-22 23:16:08,117 INFO [config.XMLConfiguration] - Initializing GridSets from /tmp/tomcat7-tomcat7-tmp/geowebcache
2014-09-22 23:16:08,117 INFO [config.XMLConfiguration] - Initializing layers from /tmp/tomcat7-tomcat7-tmp/geowebcache
2014-09-22 23:16:08,117 INFO [layer.TileLayerDispatcher] - Configuration /tmp/tomcat7-tomcat7-tmp/geowebcache contained no layers.
2014-09-22 23:16:08,147 INFO [diskquota.ConfigLoader] - DiskQuota configuration not found: /tmp/tomcat7-tomcat7-tmp/geowebcache/geowebcache-diskquota.xml
2014-09-22 23:16:08,155 INFO [diskquota.ConfigLoader] - DiskQuota configuration not found: /tmp/tomcat7-tomcat7-tmp/geowebcache/geowebcache-diskquota.xml
2014-09-22 23:16:08,157 INFO [diskquota.DiskQuotaMonitor] - Setting up disk quota periodic enforcement task
2014-09-22 23:16:08,159 INFO [diskquota.DiskQuotaMonitor] - 0 layers configured with their own quotas. 
2014-09-22 23:16:08,159 INFO [diskquota.DiskQuotaMonitor] - 0 layers attached to global quota 500.0 MB
2014-09-22 23:16:08,170 INFO [diskquota.DiskQuotaMonitor] - Disk quota periodic enforcement task set up every 10 SECONDS
2014-09-22 23:16:08,212 INFO [org.geoserver] - Loaded service 'wcs', enabled
2014-09-22 23:16:08,227 INFO [org.geoserver] - Loaded service 'wfs', enabled
2014-09-22 23:16:08,245 INFO [org.geoserver] - Loaded service 'wms', enabled
2014-09-22 23:16:08,251 INFO [gwc.config] - Initializing GeoServer specific GWC configuration from gwc-gs.xml
2014-09-22 23:16:08,433 INFO [ows.OWSHandlerMapping] - Mapped URL path [/gwc/service/**] onto handler 'dispatcher'
2014-09-22 23:16:08,462 INFO [geowebcache.GeoWebCacheDispatcher] - Invoked setServletPrefix(gwc)
2014-09-22 23:16:08,471 INFO [georss.GeoRSSPoller] - Initializing GeoRSS poller in a background job...
2014-09-22 23:16:08,543 INFO [georss.GeoRSSPoller] - No enabled GeoRSS feeds found, poller will not run.
2014-09-22 23:16:08,573 INFO [rest.RESTDispatcher] - Created RESTDispatcher with 14 paths
2014-09-22 23:16:08,603 INFO [wms.WMSService] - Will NOT recombine tiles for non-tiling clients.
2014-09-22 23:16:08,603 INFO [wms.WMSService] - Will proxy requests to backend that are not getmap or getcapabilities.
2014-09-22 23:16:09,650 INFO [ows.OWSHandlerMapping] - Mapped URL path [/kml] onto handler 'dispatcher'
2014-09-22 23:16:09,650 INFO [ows.OWSHandlerMapping] - Mapped URL path [/kml/*] onto handler 'dispatcher'
2014-09-22 23:16:09,650 INFO [ows.OWSHandlerMapping] - Mapped URL path [/kml/icon/**/*] onto handler 'kmlIconService'
2014-09-22 23:16:09,749 INFO [ows.OWSHandlerMapping] - Mapped URL path [/ows/**] onto handler 'dispatcher'
2014-09-22 23:16:09,749 INFO [ows.OWSHandlerMapping] - Mapped URL path [/ows] onto handler 'dispatcher'
2014-09-22 23:16:09,761 INFO [org.geoserver] - GeoServer configuration lock is enabled
2014-09-22 23:16:09,829 INFO [ows.OWSHandlerMapping] - Mapped URL path [/wcs] onto handler 'dispatcher'
2014-09-22 23:16:09,829 INFO [ows.OWSHandlerMapping] - Mapped URL path [/wcs/**] onto handler 'dispatcher'
2014-09-22 23:16:10,721 INFO [ows.OWSHandlerMapping] - Mapped URL path [/wfs/*] onto handler 'dispatcher'
2014-09-22 23:16:10,721 INFO [ows.OWSHandlerMapping] - Mapped URL path [/TestWfsPost] onto handler 'wfsTestServlet'
2014-09-22 23:16:10,722 INFO [ows.OWSHandlerMapping] - Mapped URL path [/wfs] onto handler 'dispatcher'
2014-09-22 23:16:14,526 INFO [ows.OWSHandlerMapping] - Mapped URL path [/wms/*] onto handler 'dispatcher'
2014-09-22 23:16:14,526 INFO [ows.OWSHandlerMapping] - Mapped URL path [/wms] onto handler 'dispatcher'
2014-09-22 23:16:14,575 INFO [ows.OWSHandlerMapping] - Mapped URL path [/animate] onto handler 'dispatcher'
2014-09-22 23:16:14,575 INFO [ows.OWSHandlerMapping] - Mapped URL path [/animate/*] onto handler 'dispatcher'
